<?xml version="1.0" encoding="UTF-8"?>
<!-- Generated by org.testng.reporters.JUnitXMLReporter -->
<testsuite hostname="USLMARAKMISHRA4" ignored="0" name="Test" tests="2" failures="0" timestamp="13 Aug 2019 17:08:33 GMT" time="10.331" errors="0">
  <testcase name="runScenario" time="7.701" classname="Utility.cucumber.api.testng.AbstractTestNGCucumberTests"/>
  <testcase name="runScenario" time="0.849" classname="Utility.cucumber.api.testng.AbstractTestNGCucumberTests"/>
</testsuite> <!-- Test -->
