<?xml version="1.0" encoding="UTF-8"?>
<!-- Generated by org.testng.reporters.JUnitXMLReporter -->
<testsuite hostname="USLMARAKMISHRA4" ignored="0" name="Test" tests="2" failures="0" timestamp="12 Aug 2019 03:45:36 GMT" time="10.007" errors="0">
  <testcase name="runScenario" time="6.669" classname="Utility.cucumber.api.testng.AbstractTestNGCucumberTests"/>
  <testcase name="runScenario" time="0.797" classname="Utility.cucumber.api.testng.AbstractTestNGCucumberTests"/>
</testsuite> <!-- Test -->
