<?xml version="1.0" encoding="UTF-8"?>
<testng-results skipped="0" failed="0" ignored="0" total="2" passed="2">
  <reporter-output>
  </reporter-output>
  <suite name="Suite" duration-ms="10331" started-at="2019-08-13T17:08:23Z" finished-at="2019-08-13T17:08:33Z">
    <groups>
      <group name="cucumber">
        <method signature="AbstractTestNGCucumberTests.runScenario(Utility.cucumber.api.testng.PickleEventWrapper, Utility.cucumber.api.testng.CucumberFeatureWrapper)[pri:0, instance:RunnerClass.TestRunner@ae45eb6]" name="runScenario" class="Utility.cucumber.api.testng.AbstractTestNGCucumberTests"/>
      </group> <!-- cucumber -->
    </groups>
    <test name="Test" duration-ms="10331" started-at="2019-08-13T17:08:23Z" finished-at="2019-08-13T17:08:33Z">
      <class name="RunnerClass.TestRunner">
        <test-method status="PASS" signature="loggerProperties()[pri:0, instance:RunnerClass.TestRunner@ae45eb6]" name="loggerProperties" is-config="true" duration-ms="1305" started-at="2019-08-13T17:08:22Z" finished-at="2019-08-13T17:08:23Z">
          <reporter-output>
          </reporter-output>
        </test-method> <!-- loggerProperties -->
        <test-method status="PASS" signature="setUpClass()[pri:0, instance:RunnerClass.TestRunner@ae45eb6]" name="setUpClass" is-config="true" duration-ms="1253" started-at="2019-08-13T17:08:23Z" finished-at="2019-08-13T17:08:24Z">
          <reporter-output>
          </reporter-output>
        </test-method> <!-- setUpClass -->
        <test-method status="PASS" signature="runScenario(Utility.cucumber.api.testng.PickleEventWrapper, Utility.cucumber.api.testng.CucumberFeatureWrapper)[pri:0, instance:RunnerClass.TestRunner@ae45eb6]" name="runScenario" duration-ms="7701" started-at="2019-08-13T17:08:25Z" description="Runs Cucumber Scenarios" data-provider="scenarios" finished-at="2019-08-13T17:08:32Z">
          <params>
            <param index="0">
              <value>
                <![CDATA["Hotel details Get request"]]>
              </value>
            </param>
            <param index="1">
              <value>
                <![CDATA["Hotel details webservices with Get Method"]]>
              </value>
            </param>
          </params>
          <reporter-output>
          </reporter-output>
        </test-method> <!-- runScenario -->
        <test-method status="PASS" signature="runScenario(Utility.cucumber.api.testng.PickleEventWrapper, Utility.cucumber.api.testng.CucumberFeatureWrapper)[pri:0, instance:RunnerClass.TestRunner@ae45eb6]" name="runScenario" duration-ms="849" started-at="2019-08-13T17:08:32Z" description="Runs Cucumber Scenarios" data-provider="scenarios" finished-at="2019-08-13T17:08:33Z">
          <params>
            <param index="0">
              <value>
                <![CDATA["Hotel details Post request"]]>
              </value>
            </param>
            <param index="1">
              <value>
                <![CDATA["Hotel details webservices with Post Method"]]>
              </value>
            </param>
          </params>
          <reporter-output>
          </reporter-output>
        </test-method> <!-- runScenario -->
        <test-method status="PASS" signature="tearDownClass()[pri:0, instance:RunnerClass.TestRunner@ae45eb6]" name="tearDownClass" is-config="true" duration-ms="325" started-at="2019-08-13T17:08:33Z" finished-at="2019-08-13T17:08:33Z">
          <reporter-output>
          </reporter-output>
        </test-method> <!-- tearDownClass -->
      </class> <!-- RunnerClass.TestRunner -->
    </test> <!-- Test -->
  </suite> <!-- Suite -->
</testng-results>
