<?xml version="1.0" encoding="UTF-8" standalone="no"?>
<testng-results failed="2" passed="0" skipped="0" total="2">
<suite duration-ms="4281" name="cucumber.runtime.formatter.TestNGFormatter">
<test duration-ms="4281" name="cucumber.runtime.formatter.TestNGFormatter">
<class name="Hotel details webservices with Get Method">
<test-method duration-ms="3601" finished-at="2019-08-07T16:09:59Z" name="Hotel details Get request" started-at="2019-08-07T16:09:59Z" status="FAIL">
<exception class="java.lang.NullPointerException">
<message><![CDATA[Given User provides environment and EndPoint details along with body........passed
When User submits a Rest webservice request with Get Method.................passed
Then Verify status code of response.........................................passed
And Verify status line of response..........................................passed
And Verify contentType of response..........................................passed
And Verify header value of response.........................................passed
And Verify cookies of response..............................................passed
And Verify detailedCookies of response......................................passed
And Verify data of the body of response.....................................failed
]]></message>
<full-stacktrace><![CDATA[java.lang.NullPointerException
	at StepDefinition.GetHotelTest.verify_data_of_the_body_of_response(GetHotelTest.java:77)
	at ✽.Verify data of the body of response(file:src/main/resources/FeatureFiles/getHotelDetails.feature:15)
]]></full-stacktrace>
</exception>
</test-method>
</class>
<class name="Hotel details webservices with Post Method">
<test-method duration-ms="680" finished-at="2019-08-07T16:09:59Z" name="Hotel details Post request" started-at="2019-08-07T16:09:59Z" status="FAIL">
<exception class="java.lang.AssertionError">
<message><![CDATA[Given User provides environment and EndPoint details along with body........passed
When User submits a Rest webservice request with Post Method................passed
Then Verify status code of response.........................................failed
And Verify status line of response..........................................skipped
And Verify contentType of response..........................................skipped
And Verify header value of response.........................................skipped
And Verify cookies of response..............................................skipped
And Verify detailedCookies of response......................................skipped
And Verify data of the body of response.....................................skipped
]]></message>
<full-stacktrace><![CDATA[java.lang.AssertionError: expected [200] but found [422]
	at org.testng.Assert.fail(Assert.java:96)
	at org.testng.Assert.failNotEquals(Assert.java:776)
	at org.testng.Assert.assertEqualsImpl(Assert.java:137)
	at org.testng.Assert.assertEquals(Assert.java:118)
	at org.testng.Assert.assertEquals(Assert.java:652)
	at org.testng.Assert.assertEquals(Assert.java:662)
	at StepDefinition.GetHotelTest.verify_Existing_Patient_Account_Message(GetHotelTest.java:40)
	at ✽.Verify status code of response(file:src/main/resources/FeatureFiles/postHotelDetails.feature:9)
]]></full-stacktrace>
</exception>
</test-method>
</class>
</test>
</suite>
</testng-results>
