<?xml version="1.0" encoding="UTF-8" standalone="no"?>
<testng-results failed="1" passed="1" skipped="0" total="2">
<suite duration-ms="6899" name="cucumber.runtime.formatter.TestNGFormatter">
<test duration-ms="6899" name="cucumber.runtime.formatter.TestNGFormatter">
<class name="Hotel details webservices with Get Method">
<test-method duration-ms="6103" finished-at="2019-08-11T23:45:35Z" name="Hotel details Get request" started-at="2019-08-11T23:45:35Z" status="PASS"/>
</class>
<class name="Hotel details webservices with Post Method">
<test-method duration-ms="796" finished-at="2019-08-11T23:45:36Z" name="Hotel details Post request" started-at="2019-08-11T23:45:35Z" status="FAIL">
<exception class="java.lang.AssertionError">
<message><![CDATA[Given User provides environment and EndPoint details along with body........passed
When User submits a Rest webservice request with Post Method................passed
Then Verify status code of response.........................................failed
And Verify status line of response..........................................skipped
And Verify contentType of response..........................................skipped
And Verify header value of response.........................................skipped
And Verify cookies of response..............................................skipped
And Verify detailedCookies of response......................................skipped
]]></message>
<full-stacktrace><![CDATA[java.lang.AssertionError: expected [200] but found [422]
	at org.testng.Assert.fail(Assert.java:96)
	at org.testng.Assert.failNotEquals(Assert.java:776)
	at org.testng.Assert.assertEqualsImpl(Assert.java:137)
	at org.testng.Assert.assertEquals(Assert.java:118)
	at org.testng.Assert.assertEquals(Assert.java:652)
	at org.testng.Assert.assertEquals(Assert.java:662)
	at StepDefinition.GetHotelTest.verify_Existing_Patient_Account_Message(GetHotelTest.java:49)
	at ✽.Verify status code of response(file:src/main/resources/FeatureFiles/postHotelDetails.feature:9)
]]></full-stacktrace>
</exception>
</test-method>
</class>
</test>
</suite>
</testng-results>
